Remember that you can report errors and get help in https://github.com/NicoSantangelo/sublime-gulp

09-15-2017 10:06:
C:\Users\Sergey\AppData\Roaming\Sublime Text 3\Packages\Gulp\write_tasks_to_cache.js:31
        throw ex;
        ^

Error: Task default requires a function that is a function
    at Gulp.Orchestrator.add (E:\Front end\vntu_app\node_modules\orchestrator\index.js:44:10)
    at Object.<anonymous> (E:\Front end\vntu_app\.sublime-gulp-tmp.js:20:6)
    at Module._compile (module.js:571:32)
    at Object.Module._extensions..js (module.js:580:10)
    at Module.load (module.js:488:32)
    at tryModuleLoad (module.js:447:12)
    at Function.Module._load (module.js:439:3)
    at Module.require (module.js:498:17)
    at require (internal/module.js:20:19)
    at requireGulp (C:\Users\Sergey\AppData\Roaming\Sublime Text 3\Packages\Gulp\write_tasks_to_cache.js:28:16)


09-15-2017 10:11:
C:\Users\Sergey\AppData\Roaming\Sublime Text 3\Packages\Gulp\write_tasks_to_cache.js:31
        throw ex;
        ^

Error: Task default requires a function that is a function
    at Gulp.Orchestrator.add (E:\Front end\vntu_app\node_modules\orchestrator\index.js:44:10)
    at Object.<anonymous> (E:\Front end\vntu_app\.sublime-gulp-tmp.js:20:6)
    at Module._compile (module.js:571:32)
    at Object.Module._extensions..js (module.js:580:10)
    at Module.load (module.js:488:32)
    at tryModuleLoad (module.js:447:12)
    at Function.Module._load (module.js:439:3)
    at Module.require (module.js:498:17)
    at require (internal/module.js:20:19)
    at requireGulp (C:\Users\Sergey\AppData\Roaming\Sublime Text 3\Packages\Gulp\write_tasks_to_cache.js:28:16)
